2025-04-14 17:24:45.864 | INFO     | __main__:main:33 - Subgraph loaded from evaluation/BTK_Inhibitors.json
2025-04-14 17:24:45.864 | INFO     | __main__:main:35 - Generating hypothesis...
Subgraph path:
(`BTK Inhibitors`)-[:target]->(`Bruton's Tyrosine Kinase (BTK)`),
(`Bruton's Tyrosine Kinase (BTK)`)-[:`is associated with`]->(`B cell receptor signaling pathway`),
(`B cell receptor signaling pathway`)-[:`is involved in`]->(`autoantibody production in rheumatoid arthritis`),
(`autoantibody production in rheumatoid arthritis`)-[:`is influenced by`]->(`epigenetic modifications in T cells`),
(`epigenetic modifications in T cells`)-[:`are influenced by`]->(`environmental factors such as smoking`),
(`environmental factors such as smoking`)-[:`increase the production of`]->(`pro-inflammatory cytokines like TNF-alpha`),
(`pro-inflammatory cytokines like TNF-alpha`)-[:activate]->(`NF-kappa B signaling pathway`),
(`NF-kappa B signaling pathway`)-[:modulates]->(`expression of matrix metalloproteinases (MMPs) in synovial fibroblasts`),
(`expression of matrix metalloproteinases (MMPs) in synovial fibroblasts`)-[:`contributes to`]->(`degradation of cartilage extracellular matrix in joint tissue`),
(`degradation of cartilage extracellular matrix in joint tissue`)-[:`leads to`]->(`joint damage and deformities in rheumatoid arthritis`),
(`joint damage and deformities in rheumatoid arthritis`)-[:`correlate with`]->(`increased bone resorption markers like CTX-I in serum`)
Subgraph context:
None
2025-04-14 17:24:45.866 | INFO     | hackathon.solvro.agents.graph_analyst:agent:102 - Starting structured graph analysis
2025-04-14 17:24:56.127 | INFO     | hackathon.solvro.agents.graph_analyst:agent:107 - Subgraph analysis completed successfully, found 1 pathways
2025-04-14 17:24:56.128 | INFO     | hackathon.solvro.agents.context:agent:67 - ðŸ” Enriching entity: BTK Inhibitors
2025-04-14 17:24:56.139 | INFO     | hackathon.solvro.agents.evidence:agent:78 - ðŸ“š Searching evidence for: BTK Inhibitors -[:target]-> Bruton's Tyrosine Kinase (BTK)
2025-04-14 17:24:59.159 | INFO     | hackathon.solvro.agents.context:agent:67 - ðŸ” Enriching entity: Bruton's Tyrosine Kinase (BTK)
2025-04-14 17:25:07.540 | INFO     | hackathon.solvro.agents.context:agent:67 - ðŸ” Enriching entity: B cell receptor signaling pathway
2025-04-14 17:25:10.859 | INFO     | hackathon.solvro.agents.context:agent:67 - ðŸ” Enriching entity: autoantibody production in rheumatoid arthritis
2025-04-14 17:25:12.516 | INFO     | hackathon.solvro.agents.evidence:agent:78 - ðŸ“š Searching evidence for: Bruton's Tyrosine Kinase (BTK) -[:is associated with]-> B cell receptor signaling pathway
2025-04-14 17:25:13.677 | INFO     | hackathon.solvro.agents.context:agent:67 - ðŸ” Enriching entity: epigenetic modifications in T cells
2025-04-14 17:25:18.313 | INFO     | hackathon.solvro.agents.context:agent:67 - ðŸ” Enriching entity: environmental factors such as smoking
2025-04-14 17:25:23.590 | INFO     | hackathon.solvro.agents.context:agent:67 - ðŸ” Enriching entity: pro-inflammatory cytokines like TNF-alpha
2025-04-14 17:25:28.369 | INFO     | hackathon.solvro.agents.context:agent:67 - ðŸ” Enriching entity: NF-kappa B signaling pathway
2025-04-14 17:25:31.284 | INFO     | hackathon.solvro.agents.evidence:agent:78 - ðŸ“š Searching evidence for: B cell receptor signaling pathway -[:is involved in]-> autoantibody production in rheumatoid arthritis
2025-04-14 17:25:31.417 | INFO     | hackathon.solvro.agents.context:agent:67 - ðŸ” Enriching entity: expression of matrix metalloproteinases (MMPs) in synovial fibroblasts
2025-04-14 17:25:34.786 | INFO     | hackathon.solvro.agents.context:agent:67 - ðŸ” Enriching entity: degradation of cartilage extracellular matrix in joint tissue
2025-04-14 17:25:38.181 | INFO     | hackathon.solvro.agents.context:agent:67 - ðŸ” Enriching entity: joint damage and deformities in rheumatoid arthritis
2025-04-14 17:25:44.338 | INFO     | hackathon.solvro.agents.context:agent:67 - ðŸ” Enriching entity: increased bone resorption markers like CTX-I in serum
2025-04-14 17:25:47.990 | INFO     | hackathon.solvro.agents.evidence:agent:78 - ðŸ“š Searching evidence for: autoantibody production in rheumatoid arthritis -[:is influenced by]-> epigenetic modifications in T cells
2025-04-14 17:26:01.429 | INFO     | hackathon.solvro.agents.evidence:agent:78 - ðŸ“š Searching evidence for: epigenetic modifications in T cells -[:are influenced by]-> environmental factors such as smoking
2025-04-14 17:26:13.808 | INFO     | hackathon.solvro.agents.evidence:agent:78 - ðŸ“š Searching evidence for: environmental factors such as smoking -[:increase the production of]-> pro-inflammatory cytokines like TNF-alpha
2025-04-14 17:26:32.873 | INFO     | hackathon.solvro.agents.evidence:agent:78 - ðŸ“š Searching evidence for: pro-inflammatory cytokines like TNF-alpha -[:activate]-> NF-kappa B signaling pathway
2025-04-14 17:26:54.598 | INFO     | hackathon.solvro.agents.evidence:agent:78 - ðŸ“š Searching evidence for: NF-kappa B signaling pathway -[:modulates]-> expression of matrix metalloproteinases (MMPs) in synovial fibroblasts
2025-04-14 17:27:14.462 | INFO     | hackathon.solvro.agents.evidence:agent:78 - ðŸ“š Searching evidence for: expression of matrix metalloproteinases (MMPs) in synovial fibroblasts -[:contributes to]-> degradation of cartilage extracellular matrix in joint tissue
2025-04-14 17:27:28.835 | INFO     | hackathon.solvro.agents.evidence:agent:78 - ðŸ“š Searching evidence for: degradation of cartilage extracellular matrix in joint tissue -[:leads to]-> joint damage and deformities in rheumatoid arthritis
2025-04-14 17:27:41.468 | INFO     | hackathon.solvro.agents.evidence:agent:78 - ðŸ“š Searching evidence for: joint damage and deformities in rheumatoid arthritis -[:correlate with]-> increased bone resorption markers like CTX-I in serum
2025-04-14 17:27:50.745 | INFO     | hackathon.solvro.agents.hypothesis:agent:57 - ðŸ§  Synthesizing hypothesis from merged graph, context, and evidence
2025-04-14 17:28:10.698 | INFO     | hackathon.solvro.agents.hypothesis:agent:93 - âœ… Hypothesis synthesized: Synergistic Targeting of BTK and Smoking-Induced TNF-Î± Pathways to Mitigate Joint Damage in RA
2025-04-14 17:28:10.699 | INFO     | __main__:main:40 - Hypothesis generated successfully for evaluation/BTK_Inhibitors.json
2025-04-14 17:28:10.699 | INFO     | __main__:main:42 - Saving mechanistic summaries to hackathon/solvro/output
2025-04-14 17:28:10.703 | INFO     | __main__:main:50 - Saving hypothesis to hackathon/solvro/output