2025-04-14T18:44:23.505600+0200 INFO Info logs enabled: custom_output_dir/2025-04-14-18-44/info.log
2025-04-14T18:44:23.505678+0200 INFO LocalFileExporter initialized. Logging to: custom_output_dir/2025-04-14-18-44/traces.jsonl in format: json
2025-04-14T18:44:23.505839+0200 INFO LocalFilesystemTracingProcessor initialized for file: custom_output_dir/2025-04-14-18-44/traces.jsonl
2025-04-14T18:44:23.505928+0200 INFO Loading subgraph from ../evaluation/BTK_Inhibitors.json
2025-04-14T18:44:23.506203+0200 INFO Generating hypothesis with config: ProcessConfig(num_of_hypotheses=3, num_of_threads=16, top_k=1, max_iterations=1, out_dir_path=PosixPath('custom_output_dir/2025-04-14-18-44'))
2025-04-14T18:44:23.506339+0200 INFO Created new event loop.
2025-04-14T18:44:28.596941+0200 INFO Opened log file: custom_output_dir/2025-04-14-18-44/traces.jsonl
2025-04-14T18:44:43.458461+0200 INFO Ontology generated: {
  "content": "There appears to have been a persistent issue with accessing PubMed using my current setup, resulting in failed attempts to retrieve current and authoritative sources to validate and enrich the given subgraph by understanding relationships between BTK inhibitors and increased bone resorption markers like CTX-I in serum. \n\nWithout access to the necessary academic papers, I am unable to provide specific, evidence-supported enrichments or validate relationships in the context of the specified nodes and edges, including mechanisms involving NF-kappa B signaling and matrix metalloproteinases or the role of TNF-alpha in these pathways. This information must be obtained from high-quality, peer-reviewed rheumatology research that details these complex pathways and interactions. \n\nFor a robust enrichment and validation task, it is recommended to manually perform searches through available clinical literature databases like PubMed, employing refined search terms and exploring pathways, potential overlaps, and the molecular impact of therapeutic interventions like BTK inhibitors on bone resorption and associated biochemical markers.",
  "justification": "Due to an inability to access external databases at this time, my recommendations for analysis and enrichment are constrained. The strategy proposed ensures that comprehensive and validated insights are developed once PubMed or alternate databases are accessible, by accessing peer-reviewed publications focusing on the target relationships.",
  "source_id": "7c55b0ba8a2f19cf09c39ec4f282fe527c8641f1fca49c12c862407d572c3def"
}
2025-04-14T18:44:43.459214+0200 INFO Starting iteration 1/1
2025-04-14T18:44:43.459594+0200 INFO Generating initial hypotheses...
2025-04-14T18:45:14.581806+0200 INFO Generated/Refined 3 hypotheses for iteration 1.
2025-04-14T18:45:14.582240+0200 INFO Triaging hypotheses...
2025-04-14T18:45:38.255567+0200 INFO Triage completed for 3 hypotheses.
2025-04-14T18:45:38.256040+0200 INFO Scoring hypotheses...
2025-04-14T18:45:38.256808+0200 INFO Iter 1 - Hypothesis 0: 'BTK Inhibitors Modulate Bone Resorption Markers Through NF-κB Pathway Activation in Rheumatoid Arthritis', Triage score: 51.4000
2025-04-14T18:45:38.257100+0200 INFO Iter 1 - Hypothesis 1: 'BTK Inhibitors Influence Bone Resorption Markers via Modulation of Epigenetic Factors and Inflammatory Cytokines', Triage score: 50.7500
2025-04-14T18:45:38.257336+0200 INFO Iter 1 - Hypothesis 2: 'BTK Inhibitors Modulating TNF-alpha Pathway and Influencing Bone Resorption in Rheumatoid Arthritis', Triage score: 46.3500
2025-04-14T18:45:38.257534+0200 INFO Selected top 1 hypotheses for decomposition and verification.
2025-04-14T18:45:38.257712+0200 INFO Decomposing hypotheses...
2025-04-14T18:45:58.770081+0200 INFO Decomposition completed for 1 hypotheses.
2025-04-14T18:45:58.770473+0200 INFO Verifying decomposed hypotheses...
2025-04-14T18:45:58.770660+0200 INFO Starting verification of hypothesis: BTK Inhibitors Modulate Bone Resorption Markers Through NF-κB Pathway Activation in Rheumatoid Arthritis
2025-04-14T18:45:59.130946+0200 ERROR Error verifying statement 0 ('BTK inhibitors reduce serum levels of CTX-I in rheumatoid arthritis patients compared to baseline levels before treatment.'): Error code: 400 - {'error': {'message': "Invalid value for 'tool_choice': 'tool_choice' is only allowed when 'tools' are specified.", 'type': 'invalid_request_error', 'param': 'tool_choice', 'code': None}}
2025-04-14T18:45:59.131292+0200 ERROR Error verifying statement 1 ('The administration of BTK inhibitors leads to decreased levels of autoantibodies in rheumatoid arthritis patients.'): Error code: 400 - {'error': {'message': "Invalid value for 'tool_choice': 'tool_choice' is only allowed when 'tools' are specified.", 'type': 'invalid_request_error', 'param': 'tool_choice', 'code': None}}
2025-04-14T18:45:59.131422+0200 ERROR Error verifying statement 2 ('Environmental factors such as smoking influence T cell epigenetics in the context of rheumatoid arthritis.'): Error code: 400 - {'error': {'message': "Invalid value for 'tool_choice': 'tool_choice' is only allowed when 'tools' are specified.", 'type': 'invalid_request_error', 'param': 'tool_choice', 'code': None}}
2025-04-14T18:45:59.131511+0200 ERROR Error verifying statement 3 ('The activation of the NF-κB pathway correlates with increased production of pro-inflammatory cytokines in response to BTK inhibitor treatment.'): Error code: 400 - {'error': {'message': "Invalid value for 'tool_choice': 'tool_choice' is only allowed when 'tools' are specified.", 'type': 'invalid_request_error', 'param': 'tool_choice', 'code': None}}
2025-04-14T18:45:59.131605+0200 ERROR Error verifying statement 4 ('Matrix metalloproteinase (MMP) expression is significantly altered following BTK inhibitor treatment in rheumatoid arthritis models.'): Error code: 400 - {'error': {'message': "Invalid value for 'tool_choice': 'tool_choice' is only allowed when 'tools' are specified.", 'type': 'invalid_request_error', 'param': 'tool_choice', 'code': None}}
2025-04-14T18:45:59.131732+0200 ERROR Error verifying statement 5 ('The level of cartilage degradation correlates with the increase in CTX-I levels in RA patients post BTK inhibitor treatment.'): Error code: 400 - {'error': {'message': "Invalid value for 'tool_choice': 'tool_choice' is only allowed when 'tools' are specified.", 'type': 'invalid_request_error', 'param': 'tool_choice', 'code': None}}
2025-04-14T18:45:59.131805+0200 ERROR Error verifying statement 6 ('BTK inhibitors influence bone resorption markers through modulation of NF-κB signaling.'): Error code: 400 - {'error': {'message': "Invalid value for 'tool_choice': 'tool_choice' is only allowed when 'tools' are specified.", 'type': 'invalid_request_error', 'param': 'tool_choice', 'code': None}}
2025-04-14T18:45:59.131886+0200 INFO Completed verification of 0 statements (out of 7).
2025-04-14T18:45:59.131958+0200 WARNING No statements successfully verified for hypothesis: BTK Inhibitors Modulate Bone Resorption Markers Through NF-κB Pathway Activation in Rheumatoid Arthritis. Returning default/empty verification.
2025-04-14T18:45:59.132292+0200 INFO Verified hypothesis hypothesis_0_0 with score 0.0
2025-04-14T18:45:59.132388+0200 INFO Verification completed for 1 hypotheses.
2025-04-14T18:45:59.132509+0200 INFO Best verified hypothesis from iteration 1: hypothesis_0_0 (Score: 0.0000)
2025-04-14T18:45:59.132598+0200 INFO Updated overall best hypothesis ID to: hypothesis_0_0
2025-04-14T18:45:59.132680+0200 INFO Selected best hypothesis based on verification ID: hypothesis_0_0 (Verification Score: 0.0000)
2025-04-14T18:45:59.132755+0200 INFO Final selected best hypothesis: ID hypothesis_0_0, Title: 'BTK Inhibitors Modulate Bone Resorption Markers Through NF-κB Pathway Activation in Rheumatoid Arthritis', Final Score (best of verification/triage): 0.0000
2025-04-14T18:45:59.133870+0200 INFO Saved final process state to custom_output_dir/2025-04-14-18-44/process_state.json
2025-04-14T18:46:04.758363+0200 INFO Closed event loop.
2025-04-14T18:46:04.759305+0200 INFO Hypothesis generated successfully for ../evaluation/BTK_Inhibitors.json
2025-04-14T18:46:04.759894+0200 INFO Saving hypothesis to JSON: custom_output_dir/2025-04-14-18-44/BTK_Inhibitors_hypothesis.json
2025-04-14T18:46:04.762947+0200 INFO Saving hypothesis to Markdown: custom_output_dir/2025-04-14-18-44/BTK_Inhibitors_hypothesis.md
2025-04-14T18:46:04.763931+0200 INFO Hypothesis saved successfully to custom_output_dir/2025-04-14-18-44
